###############################################################
#  Generated by:      Cadence Innovus 17.11-s080_1
#  OS:                Linux x86_64(Host ID cimeld39.cime.inpg.fr)
#  Generated on:      Tue May 24 08:51:30 2022
#  Design:            msk_modulator_io
#  Command:           checkDesign -all
###############################################################
Design: msk_modulator_io

------ Design Summary:
Total Standard Cell Number   (cells) : 525
Total Block Cell Number      (cells) : 0
Total I/O Pad Cell Number    (cells) : 20
Total Standard Cell Area     ( um^2) : 55437.20
Total Block Cell Area        ( um^2) : 0.00
Total I/O Pad Cell Area      ( um^2) : 1008128.64

------ Design Statistics:

Number of Instances            : 545
Number of Non-uniquified Insts : 544
Number of Nets                 : 575
Average number of Pins per Net : 2.95
Maximum number of Pins in Net  : 83

------ I/O Port summary

Number of Primary I/O Ports    : 13
Number of Input Ports          : 4
Number of Output Ports         : 9
Number of Bidirectional Ports  : 0
Number of Power/Ground Ports   : 0



------------------------------------------------------------
Detail report:


------ I/O Pad/Port Checking


