###############################################################
#  Generated by:      Cadence Innovus 17.11-s080_1
#  OS:                Linux x86_64(Host ID cimeld10)
#  Generated on:      Fri Jun 24 15:58:53 2022
#  Design:            top_io
#  Command:           verify_drc -limit 1000000
###############################################################

SPACING: ( ParallelRunLength Spacing ) Regular Wire of Net t_op/u_decoder/fir_filter/Q_data_mult_1[4] & Pin of Cell t_op/FE_RC_6206_0  ( MET1 )
Bounds : ( 1517.975, 1742.725 ) ( 1518.600, 1742.950 )


SPACING: ( ParallelRunLength Spacing ) Regular Wire of Net t_op/u_cordic/mycordic/N517 & Pin of Cell t_op/u_cordic/mycordic/add_228/U1_7  ( MET1 )
Bounds : ( 879.100, 1801.850 ) ( 879.375, 1802.200 )


SPACING: ( ParallelRunLength Spacing ) Regular Wire of Net t_op/u_cordic/mycordic/N517 & Pin of Cell t_op/u_cordic/mycordic/add_228/U1_7  ( MET1 )
Bounds : ( 879.100, 1801.850 ) ( 879.425, 1802.150 )


SPACING: ( ParallelRunLength Spacing ) Regular Wire of Net t_op/u_cordic/mycordic/N517 & Pin of Cell t_op/u_cordic/mycordic/add_228/U1_7  ( MET1 )
Bounds : ( 879.100, 1801.850 ) ( 879.475, 1802.050 )


SPACING: ( ParallelRunLength Spacing ) Regular Wire of Net t_op/u_cordic/mycordic/N291 & Pin of Cell t_op/u_cordic/mycordic/sub_182/U2_7  ( MET1 )
Bounds : ( 1092.425, 1378.625 ) ( 1092.900, 1378.950 )


SPACING: ( ParallelRunLength Spacing ) Regular Wire of Net t_op/u_cordic/mycordic/N427 & Pin of Cell t_op/u_cordic/mycordic/add_206/U1_7  ( MET1 )
Bounds : ( 1036.375, 1768.725 ) ( 1037.000, 1768.950 )


SPACING: ( ParallelRunLength Spacing ) Regular Wire of Net t_op/u_cordic/mycordic/N500 & Pin of Cell t_op/u_cordic/mycordic/sub_223/U2_7  ( MET1 )
Bounds : ( 900.000, 1801.850 ) ( 900.625, 1802.075 )


SPACING: ( ParallelRunLength Spacing ) Regular Wire of Net t_op/u_decoder/iq_demod/dp_cluster_0/mult_I_cos_out[6] & Pin of Cell t_op/U4411  ( MET1 )
Bounds : ( 1483.850, 1021.850 ) ( 1484.375, 1022.125 )


SPACING: ( ParallelRunLength Spacing ) Regular Wire of Net t_op/u_decoder/iq_demod/dp_cluster_0/mult_I_cos_out[6] & Pin of Cell t_op/U4411  ( MET1 )
Bounds : ( 1483.950, 1021.850 ) ( 1484.425, 1022.125 )


SPACING: ( ParallelRunLength Spacing ) Regular Wire of Net t_op/n1083 & Pin of Cell t_op/U4369  ( MET1 )
Bounds : ( 691.400, 1021.850 ) ( 692.025, 1022.075 )


SPACING: ( ParallelRunLength Spacing ) Regular Wire of Net t_op/u_decoder/iq_demod/add_I_out_5 & Pin of Cell t_op/FE_RC_6203_0  ( MET1 )
Bounds : ( 1526.425, 995.850 ) ( 1526.900, 996.175 )


  Total Violations : 11 Viols.
